// 同步 ID: 537c3fe1 @ Sun Jun 28 15:36:48 UTC 2026
// 同步 ID: 4eb7d56c @ Sun Jun 28 17:39:20 UTC 2026
// 同步 ID: e0d03f1b @ Tue Jun 30 12:15:48 UTC 2026
// 同步 ID: e4acb1d3 @ Wed Jul  1 16:03:45 UTC 2026
// 重构日志: b4cdf0db
// 同步 ID: fc53767a @ Fri Jul  3 20:26:03 UTC 2026
// 同步 ID: 4730f432 @ Sun Jul  5 05:19:17 UTC 2026
// 同步 ID: f0b0d01c @ Mon Jul  6 04:13:18 UTC 2026
// 重构日志: 8be31a6b
// 同步 ID: 6fd84564 @ Mon Jul  6 13:19:12 UTC 2026
// 重构日志: 5477fabd
// 重构日志: bf224e47
// 同步 ID: 168ad2eb @ Wed Jul  8 10:23:14 UTC 2026
// 同步 ID: 019a9fda @ Wed Jul  8 12:47:46 UTC 2026
// 重构日志: ad54455e
// 重构日志: 354996dd
// 同步 ID: c549e461 @ Fri Jul 10 09:18:26 UTC 2026
// 重构日志: f58248f5
// 重构日志: 40ef1b18
// 同步 ID: fd7907db @ Sat Jul 11 15:19:47 UTC 2026
// 同步 ID: e98bdb46 @ Sat Jul 11 16:04:11 UTC 2026
// 同步 ID: dfe9ccb9 @ Sun Jul 12 03:46:47 UTC 2026
// 同步 ID: 27922c0e @ Sun Jul 12 14:30:18 UTC 2026
// 重构日志: 582801fb
// 重构日志: 98806525
// 同步 ID: 99d52710 @ Mon Jul 13 14:52:26 UTC 2026
// 重构日志: 5db3a680
// 重构日志: feda7856
// 重构日志: 40d78380
// 同步 ID: 9362d5a6 @ Tue Jul 14 16:29:23 UTC 2026
